Using pre-set license
Built from '2020.3/staging' branch; Version is '2020.3.30f1 (1fb1bf06830e) revision 2077119'; Using compiler version '192528614'; Build Type 'Release'
OS: 'Windows 10  (10.0.19044) 64bit Professional' Language: 'en' Physical Memory: 8155 MB
BatchMode: 1, IsHumanControllingUs: 0, StartBugReporterOnCrash: 0, Is64bit: 1, IsPro: 0

COMMAND LINE ARGUMENTS:
C:\Program Files\Unity\Hub\Editor\2020.3.30f1\Editor\Unity.exe
-adb2
-batchMode
-noUpm
-name
AssetImportWorker0
-projectPath
D:/Coding/Unity/3D Pong
-logFile
Logs/AssetImportWorker0.log
-srvPort
58419
Successfully changed project path to: D:/Coding/Unity/3D Pong
D:/Coding/Unity/3D Pong
Using Asset Import Pipeline V2.
Refreshing native plugins compatible for Editor in 39.99 ms, found 2 plugins.
Preloading 0 native plugins for Editor in 0.00 ms.
Initialize engine version: 2020.3.30f1 (1fb1bf06830e)
[Subsystems] Discovering subsystems at path C:/Program Files/Unity/Hub/Editor/2020.3.30f1/Editor/Data/Resources/UnitySubsystems
[Subsystems] Discovering subsystems at path D:/Coding/Unity/3D Pong/Assets
GfxDevice: creating device client; threaded=0
Direct3D:
    Version:  Direct3D 11.0 [level 11.1]
    Renderer: Radeon RX 570 Series (ID=0x67df)
    Vendor:   
    VRAM:     4074 MB
    Driver:   30.0.15002.1004
Initialize mono
Mono path[0] = 'C:/Program Files/Unity/Hub/Editor/2020.3.30f1/Editor/Data/Managed'
Mono path[1] = 'C:/Program Files/Unity/Hub/Editor/2020.3.30f1/Editor/Data/MonoBleedingEdge/lib/mono/unityjit'
Mono config path = 'C:/Program Files/Unity/Hub/Editor/2020.3.30f1/Editor/Data/MonoBleedingEdge/etc'
Using monoOptions --debugger-agent=transport=dt_socket,embedding=1,server=y,suspend=n,address=127.0.0.1:56200
Begin MonoManager ReloadAssembly
Registering precompiled unity dll's ...
Register platform support module: C:/Program Files/Unity/Hub/Editor/2020.3.30f1/Editor/Data/PlaybackEngines/WindowsStandaloneSupport/UnityEditor.WindowsStandalone.Extensions.dll
Registered in 0.007149 seconds.
Native extension for WindowsStandalone target not found
Refreshing native plugins compatible for Editor in 38.86 ms, found 2 plugins.
Preloading 0 native plugins for Editor in 0.00 ms.
Mono: successfully reloaded assembly
- Completed reload, in  0.884 seconds
Domain Reload Profiling:
	ReloadAssembly (884ms)
		BeginReloadAssembly (133ms)
			ExecutionOrderSort (0ms)
			DisableScriptedObjects (0ms)
			BackupInstance (0ms)
			ReleaseScriptingObjects (0ms)
			CreateAndSetChildDomain (1ms)
		EndReloadAssembly (581ms)
			LoadAssemblies (124ms)
			RebuildTransferFunctionScriptingTraits (0ms)
			SetupTypeCache (194ms)
			ReleaseScriptCaches (0ms)
			RebuildScriptCaches (42ms)
			SetupLoadedEditorAssemblies (200ms)
				LogAssemblyErrors (0ms)
				InitializePlatformSupportModulesInManaged (5ms)
				SetLoadedEditorAssemblies (0ms)
				RefreshPlugins (39ms)
				BeforeProcessingInitializeOnLoad (16ms)
				ProcessInitializeOnLoadAttributes (105ms)
				ProcessInitializeOnLoadMethodAttributes (34ms)
				AfterProcessingInitializeOnLoad (0ms)
				EditorAssembliesLoaded (0ms)
			ExecutionOrderSort2 (0ms)
			AwakeInstancesAfterBackupRestoration (0ms)
Platform modules already initialized, skipping
Registering precompiled user dll's ...
Registered in 0.004179 seconds.
Begin MonoManager ReloadAssembly
Native extension for WindowsStandalone target not found
Refreshing native plugins compatible for Editor in 0.36 ms, found 2 plugins.
Preloading 0 native plugins for Editor in 0.00 ms.
Mono: successfully reloaded assembly
- Completed reload, in  1.460 seconds
Domain Reload Profiling:
	ReloadAssembly (1461ms)
		BeginReloadAssembly (245ms)
			ExecutionOrderSort (0ms)
			DisableScriptedObjects (6ms)
			BackupInstance (0ms)
			ReleaseScriptingObjects (0ms)
			CreateAndSetChildDomain (25ms)
		EndReloadAssembly (1112ms)
			LoadAssemblies (146ms)
			RebuildTransferFunctionScriptingTraits (0ms)
			SetupTypeCache (377ms)
			ReleaseScriptCaches (1ms)
			RebuildScriptCaches (69ms)
			SetupLoadedEditorAssemblies (405ms)
				LogAssemblyErrors (0ms)
				InitializePlatformSupportModulesInManaged (8ms)
				SetLoadedEditorAssemblies (1ms)
				RefreshPlugins (0ms)
				BeforeProcessingInitializeOnLoad (122ms)
				ProcessInitializeOnLoadAttributes (237ms)
				ProcessInitializeOnLoadMethodAttributes (12ms)
				AfterProcessingInitializeOnLoad (24ms)
				EditorAssembliesLoaded (0ms)
			ExecutionOrderSort2 (0ms)
			AwakeInstancesAfterBackupRestoration (10ms)
Platform modules already initialized, skipping
========================================================================
Worker process is ready to serve import requests
Launched and connected shader compiler UnityShaderCompiler.exe after 0.06 seconds
Refreshing native plugins compatible for Editor in 0.89 ms, found 2 plugins.
Preloading 0 native plugins for Editor in 0.00 ms.
Unloading 1502 Unused Serialized files (Serialized files now loaded: 0)
System memory in use before: 67.6 MB.
System memory in use after: 67.7 MB.

Unloading 16 unused Assets to reduce memory usage. Loaded Objects now: 1937.
Total: 6.708500 ms (FindLiveObjects: 0.165500 ms CreateObjectMapping: 0.103700 ms MarkObjects: 6.366700 ms  DeleteObjects: 0.071200 ms)

AssetImportParameters requested are different than current active one (requested -> active):
  custom:framework-win-MediaFoundation: 216162199b28c13a410421893ffa2e32 -> 
  custom:video-decoder-ogg-theora: a1e56fd34408186e4bbccfd4996cb3dc -> 
  custom:container-muxer-webm: aa71ff27fc2769a1b78a27578f13a17b -> 
  custom:container-demuxer-webm: 4f35f7cbe854078d1ac9338744f61a02 -> 
  custom:container-demuxer-ogg: 62fdf1f143b41e24485cea50d1cbac27 -> 
  custom:video-encoder-webm-vp8: eb34c28f22e8b96e1ab97ce403110664 -> 
  custom:video-decoder-webm-vp8: 9c59270c3fd7afecdb556c50c9e8de78 -> 
  custom:audio-decoder-ogg-vorbis: bf7c407c2cedff20999df2af8eb42d56 -> 
  custom:audio-encoder-webm-vorbis: bf7c407c2cedff20999df2af8eb42d56 -> 
========================================================================
Received Import Request.
  path: Assets
  artifactKey: Guid(00000000000000001000000000000000) Importer(815301076,1909f56bfc062723c751e8b465ee728b)
Start importing Assets using Guid(00000000000000001000000000000000) Importer(815301076,1909f56bfc062723c751e8b465ee728b)  -> (artifact id: '42d402b061de3733987d63b9cc3b64de') in 0.006454 seconds 
========================================================================
Received Import Request.
  Time since last request: 2.820894 seconds.
  path: Assets/Material
  artifactKey: Guid(081714cb8d2569e4ab2e8b88252b219b) Importer(815301076,1909f56bfc062723c751e8b465ee728b)
Start importing Assets/Material using Guid(081714cb8d2569e4ab2e8b88252b219b) Importer(815301076,1909f56bfc062723c751e8b465ee728b)  -> (artifact id: '621bdd67e8078fa1b3689620575619f6') in 0.004440 seconds 
========================================================================
Received Import Request.
  Time since last request: 10.987994 seconds.
  path: Assets/Material/New Material.mat
  artifactKey: Guid(6674076ed1dcdea40a2bf75f3fed99f3) Importer(815301076,1909f56bfc062723c751e8b465ee728b)
Start importing Assets/Material/New Material.mat using Guid(6674076ed1dcdea40a2bf75f3fed99f3) Importer(815301076,1909f56bfc062723c751e8b465ee728b)  -> (artifact id: '20aeadff9337f273555ca59d452f3d7a') in 0.179172 seconds 
========================================================================
Received Import Request.
  Time since last request: 23.080049 seconds.
  path: Assets/Material/New Material 1.mat
  artifactKey: Guid(6b21b4dee9a61484f832d7344a9ff1c8) Importer(815301076,1909f56bfc062723c751e8b465ee728b)
Start importing Assets/Material/New Material 1.mat using Guid(6b21b4dee9a61484f832d7344a9ff1c8) Importer(815301076,1909f56bfc062723c751e8b465ee728b)  -> (artifact id: '509c0e0b75f662c0628d67433fa07dde') in 0.019612 seconds 
========================================================================
Received Import Request.
  Time since last request: 229.729858 seconds.
  path: Assets/Material/New Material 1.mat
  artifactKey: Guid(6b21b4dee9a61484f832d7344a9ff1c8) Importer(815301076,1909f56bfc062723c751e8b465ee728b)
Start importing Assets/Material/New Material 1.mat using Guid(6b21b4dee9a61484f832d7344a9ff1c8) Importer(815301076,1909f56bfc062723c751e8b465ee728b)  -> (artifact id: '5bc7077a41e13b773eda65062d83ea47') in 0.014786 seconds 
========================================================================
Received Import Request.
  Time since last request: 0.000245 seconds.
  path: Assets/Material/New Material.mat
  artifactKey: Guid(6674076ed1dcdea40a2bf75f3fed99f3) Importer(815301076,1909f56bfc062723c751e8b465ee728b)
Start importing Assets/Material/New Material.mat using Guid(6674076ed1dcdea40a2bf75f3fed99f3) Importer(815301076,1909f56bfc062723c751e8b465ee728b)  -> (artifact id: 'f34182292740c60ed0b480e174ce96ae') in 0.012338 seconds 
========================================================================
Received Import Request.
  Time since last request: 243.945804 seconds.
  path: Assets/Material/Environment
  artifactKey: Guid(dadbf191bb9b11547a339a1d43b1b9e8) Importer(815301076,1909f56bfc062723c751e8b465ee728b)
Start importing Assets/Material/Environment using Guid(dadbf191bb9b11547a339a1d43b1b9e8) Importer(815301076,1909f56bfc062723c751e8b465ee728b)  -> (artifact id: 'c4f2d68b56c916923a6ca668e4f6ae69') in 0.003100 seconds 
========================================================================
Received Import Request.
  Time since last request: 9.282639 seconds.
  path: Assets/Material/Player
  artifactKey: Guid(738ec7e2fc22c85469b8ac1fcfb9118c) Importer(815301076,1909f56bfc062723c751e8b465ee728b)
Start importing Assets/Material/Player using Guid(738ec7e2fc22c85469b8ac1fcfb9118c) Importer(815301076,1909f56bfc062723c751e8b465ee728b)  -> (artifact id: '05f995b337818ef89c7c9a801d0732e9') in 0.003390 seconds 
========================================================================
Received Import Request.
  Time since last request: 9.342539 seconds.
  path: Assets/Material/Player/New Material.mat
  artifactKey: Guid(f33e8aa7e00f99b42ac8f73140e3c2a2) Importer(815301076,1909f56bfc062723c751e8b465ee728b)
Start importing Assets/Material/Player/New Material.mat using Guid(f33e8aa7e00f99b42ac8f73140e3c2a2) Importer(815301076,1909f56bfc062723c751e8b465ee728b)  -> (artifact id: '599da9f623bfc081724a7346568a60cb') in 0.015883 seconds 
========================================================================
Received Import Request.
  Time since last request: 5.544227 seconds.
  path: Assets/Material/Player/New Material 1.mat
  artifactKey: Guid(0a002df7a193bf84ca1b42b1d64e763f) Importer(815301076,1909f56bfc062723c751e8b465ee728b)
Start importing Assets/Material/Player/New Material 1.mat using Guid(0a002df7a193bf84ca1b42b1d64e763f) Importer(815301076,1909f56bfc062723c751e8b465ee728b)  -> (artifact id: '4eed37de6b1d7c1565c7dde33de4df8f') in 0.015488 seconds 
========================================================================
Received Import Request.
  Time since last request: 0.575955 seconds.
  path: Assets/Material/Player/New Material 2.mat
  artifactKey: Guid(927a7aa958d73d044b3fd5cef784c3f7) Importer(815301076,1909f56bfc062723c751e8b465ee728b)
Start importing Assets/Material/Player/New Material 2.mat using Guid(927a7aa958d73d044b3fd5cef784c3f7) Importer(815301076,1909f56bfc062723c751e8b465ee728b)  -> (artifact id: 'fb183c2f4fa5b7e2cfa3933d1e233766') in 0.015517 seconds 
========================================================================
Received Import Request.
  Time since last request: 0.489174 seconds.
  path: Assets/Material/Player/New Material 3.mat
  artifactKey: Guid(8cef51a1a5d376647896dd39041e9484) Importer(815301076,1909f56bfc062723c751e8b465ee728b)
Start importing Assets/Material/Player/New Material 3.mat using Guid(8cef51a1a5d376647896dd39041e9484) Importer(815301076,1909f56bfc062723c751e8b465ee728b)  -> (artifact id: 'e7d6622af93bb3d8948838857653c268') in 0.012568 seconds 
========================================================================
Received Import Request.
  Time since last request: 49.300663 seconds.
  path: Assets/Material/Player/New Material 1.mat
  artifactKey: Guid(0a002df7a193bf84ca1b42b1d64e763f) Importer(815301076,1909f56bfc062723c751e8b465ee728b)
Start importing Assets/Material/Player/New Material 1.mat using Guid(0a002df7a193bf84ca1b42b1d64e763f) Importer(815301076,1909f56bfc062723c751e8b465ee728b)  -> (artifact id: '0fdb8affb1fef24ad5f783543a840bec') in 0.015177 seconds 
========================================================================
Received Import Request.
  Time since last request: 0.000275 seconds.
  path: Assets/Material/Player/New Material 3.mat
  artifactKey: Guid(8cef51a1a5d376647896dd39041e9484) Importer(815301076,1909f56bfc062723c751e8b465ee728b)
Start importing Assets/Material/Player/New Material 3.mat using Guid(8cef51a1a5d376647896dd39041e9484) Importer(815301076,1909f56bfc062723c751e8b465ee728b)  -> (artifact id: 'ade4afe2c0897cd132457d8a7669a8cf') in 0.014321 seconds 
========================================================================
Received Import Request.
  Time since last request: 0.000614 seconds.
  path: Assets/Material/Player/New Material 2.mat
  artifactKey: Guid(927a7aa958d73d044b3fd5cef784c3f7) Importer(815301076,1909f56bfc062723c751e8b465ee728b)
Start importing Assets/Material/Player/New Material 2.mat using Guid(927a7aa958d73d044b3fd5cef784c3f7) Importer(815301076,1909f56bfc062723c751e8b465ee728b)  -> (artifact id: '5cd577f1eb1a8e931b584470039dbe1b') in 0.014149 seconds 
========================================================================
Received Import Request.
  Time since last request: 0.001126 seconds.
  path: Assets/Material/Player/New Material.mat
  artifactKey: Guid(f33e8aa7e00f99b42ac8f73140e3c2a2) Importer(815301076,1909f56bfc062723c751e8b465ee728b)
Start importing Assets/Material/Player/New Material.mat using Guid(f33e8aa7e00f99b42ac8f73140e3c2a2) Importer(815301076,1909f56bfc062723c751e8b465ee728b)  -> (artifact id: 'ac0886a0284c8bdc209701882a241f46') in 0.015135 seconds 
========================================================================
Received Import Request.
  Time since last request: 102.267495 seconds.
  path: Assets/Material/Environment/New Material 2.mat
  artifactKey: Guid(0a6a5ac1d904efa439f77906784bd3a6) Importer(815301076,1909f56bfc062723c751e8b465ee728b)
Start importing Assets/Material/Environment/New Material 2.mat using Guid(0a6a5ac1d904efa439f77906784bd3a6) Importer(815301076,1909f56bfc062723c751e8b465ee728b)  -> (artifact id: 'f03acc2d839f5da50dae09b4eb6866ba') in 0.013755 seconds 
========================================================================
Received Import Request.
  Time since last request: 157.520918 seconds.
  path: Assets/Material/Environment/New Material 3.mat
  artifactKey: Guid(57446ef36ee36734ea58facbdfaa80d3) Importer(815301076,1909f56bfc062723c751e8b465ee728b)
Start importing Assets/Material/Environment/New Material 3.mat using Guid(57446ef36ee36734ea58facbdfaa80d3) Importer(815301076,1909f56bfc062723c751e8b465ee728b)  -> (artifact id: '28ba6a31cf0739858d0d41ba522b113a') in 0.019426 seconds 
========================================================================
Received Import Request.
  Time since last request: 252.005137 seconds.
  path: Assets/Material/Environment/New Material 2.mat
  artifactKey: Guid(0a6a5ac1d904efa439f77906784bd3a6) Importer(815301076,1909f56bfc062723c751e8b465ee728b)
Start importing Assets/Material/Environment/New Material 2.mat using Guid(0a6a5ac1d904efa439f77906784bd3a6) Importer(815301076,1909f56bfc062723c751e8b465ee728b)  -> (artifact id: '14cd2d8ec85479466bc23cafb369bdac') in 0.013347 seconds 
========================================================================
Received Import Request.
  Time since last request: 0.000337 seconds.
  path: Assets/Material/Environment/New Material 3.mat
  artifactKey: Guid(57446ef36ee36734ea58facbdfaa80d3) Importer(815301076,1909f56bfc062723c751e8b465ee728b)
Start importing Assets/Material/Environment/New Material 3.mat using Guid(57446ef36ee36734ea58facbdfaa80d3) Importer(815301076,1909f56bfc062723c751e8b465ee728b)  -> (artifact id: '27d3571d6fb557766cf0f931436d734b') in 0.014217 seconds 
AssetImportWorkerClient::OnTransportError - code=2 error=End of file
